{"level":"info","message":"Khai@GG.COM","service":"user-service"}
{"level":"info","message":"Khai@GG.COM","service":"user-service"}
{"level":"info","message":{"catelogyId":null,"descriptionId":null,"descripttion":null,"email":"Khai@GG.COM","id":9,"imageId":null,"language":"vn","localId":null,"memberTypeId":null,"name":null,"password":"$2b$12$SKwVUVtrFkQT7zs1qvXb2.dVxfV.WqpiTdmZaTPaXvMSjEzp/KNbe","productTypeId":null,"propertiesId":null,"refreshToken":null,"shopId":null},"service":"user-service"}
{"level":"info","message":"Khai@GG.COM","service":"user-service"}
{"level":"info","message":{"catelogyId":null,"descriptionId":null,"descripttion":null,"email":"Khai@GG.COM","id":9,"imageId":null,"language":"vn","localId":null,"memberTypeId":null,"name":null,"password":"$2b$12$SKwVUVtrFkQT7zs1qvXb2.dVxfV.WqpiTdmZaTPaXvMSjEzp/KNbe","productTypeId":null,"propertiesId":null,"refreshToken":null,"shopId":null},"service":"user-service"}
{"level":"info","message":"Khai@GG.COM","service":"user-service"}
{"level":"info","message":{"catelogyId":null,"descriptionId":null,"descripttion":null,"email":"Khai@GG.COM","id":9,"imageId":null,"language":"vn","localId":null,"memberTypeId":null,"name":null,"password":"$2b$12$SKwVUVtrFkQT7zs1qvXb2.dVxfV.WqpiTdmZaTPaXvMSjEzp/KNbe","productTypeId":null,"propertiesId":null,"shopId":null},"service":"user-service"}
{"level":"info","message":"Khai@GG.COM","service":"user-service"}
{"level":"info","message":{"catelogyId":null,"descriptionId":null,"descripttion":null,"email":"Khai@GG.COM","id":9,"imageId":null,"language":"vn","localId":null,"memberTypeId":null,"name":null,"password":"$2b$12$SKwVUVtrFkQT7zs1qvXb2.dVxfV.WqpiTdmZaTPaXvMSjEzp/KNbe","productTypeId":null,"propertiesId":null,"refreshToken":null,"shopId":null},"service":"user-service"}
{"level":"info","message":"Khai@GG.COM","service":"user-service"}
{"level":"info","message":{"catelogyId":null,"descriptionId":null,"descripttion":null,"email":"Khai@GG.COM","id":9,"imageId":null,"language":"vn","localId":null,"memberTypeId":null,"name":null,"password":"$2b$12$SKwVUVtrFkQT7zs1qvXb2.dVxfV.WqpiTdmZaTPaXvMSjEzp/KNbe","productTypeId":null,"propertiesId":null,"shopId":null},"service":"user-service"}
{"level":"info","message":"Khai@GG.COM","service":"user-service"}
{"level":"info","message":{"catelogyId":null,"descriptionId":null,"descripttion":null,"email":"Khai@GG.COM","id":9,"imageId":null,"language":"vn","localId":null,"memberTypeId":null,"name":null,"password":"$2b$12$SKwVUVtrFkQT7zs1qvXb2.dVxfV.WqpiTdmZaTPaXvMSjEzp/KNbe","productTypeId":null,"propertiesId":null,"shopId":null},"service":"user-service"}
{"level":"info","message":"Khai@GG.COM","service":"user-service"}
{"level":"info","message":{"catelogyId":null,"descriptionId":null,"descripttion":null,"email":"Khai@GG.COM","id":9,"imageId":null,"language":"vn","localId":null,"memberTypeId":null,"name":null,"password":"$2b$12$SKwVUVtrFkQT7zs1qvXb2.dVxfV.WqpiTdmZaTPaXvMSjEzp/KNbe","productTypeId":null,"propertiesId":null,"shopId":null},"service":"user-service"}
{"level":"info","message":"Khai@GG.COM","service":"user-service"}
{"level":"info","message":"Khai@GG.COM","service":"user-service"}
{"level":"info","message":"Khai@GG.COM","service":"user-service"}
{"level":"info","message":"Khai@GG.COM","service":"user-service"}
{"level":"info","message":"Khai@GG.COM","service":"user-service"}
{"level":"info","message":"Khai@GG.COM","service":"user-service"}
{"level":"info","message":"Khai@GG.COM","service":"user-service"}
{"level":"info","message":"Khai@GG.COM","service":"user-service"}
{"level":"info","message":"Khai@GG.COM","service":"user-service"}
{"level":"info","message":"Khai2GG.COM","service":"user-service"}
{"level":"info","message":"Khai2GG.COM","service":"user-service"}
{"level":"info","message":"Khai2@GG.COM","service":"user-service"}
{"level":"info","message":"Khai2@GG.COM","service":"user-service"}
{"level":"info","message":"Khai@GG.COM","service":"user-service"}
{"level":"info","message":"Khai@GG.COM","service":"user-service"}
{"level":"info","message":"Khai@GG.COM","service":"user-service"}
{"level":"info","message":"Khai@GG.COM","service":"user-service"}
{"level":"info","message":"Khai@GG.COM","service":"user-service"}
